<?xml version="1.0" encoding="UTF-8"?>
<testsuite xmlns:xsi="http://www.w3.org/2001/XMLSchema-instance" xsi:noNamespaceSchemaLocation="https://maven.apache.org/surefire/maven-surefire-plugin/xsd/surefire-test-report.xsd" version="3.0.2" name="com.example.urlshortener.UrlShortenerApplicationTests" time="3.411" tests="1" errors="0" skipped="0" failures="0">
  <properties>
[...]
</properties>
  <testcase name="contextLoads" classname="com.example.urlshortener.UrlShortenerApplicationTests" time="0.78">
    <system-out><![CDATA[12:29:39.926 [main] INFO org.springframework.test.context.support.AnnotationConfigContextLoaderUtils -- Could not detect default configuration classes for test class [com.example.urlshortener.UrlShortenerApplicationTests]: UrlShortenerApplicationTests does not declare any static, non-private, non-final, nested classes annotated with @Configuration.
12:29:40.062 [main] INFO org.springframework.boot.test.context.SpringBootTestContextBootstrapper -- Found @SpringBootConfiguration com.example.urlshortener.UrlShortenerApplication for test class com.example.urlshortener.UrlShortenerApplicationTests

  .   ____          _            __ _ _
 /\\ / ___'_ __ _ _(_)_ __  __ _ \ \ \ \
( ( )\___ | '_ | '_| | '_ \/ _` | \ \ \ \
 \\/  ___)| |_)| | | | | || (_| |  ) ) ) )
  '  |____| .__|_| |_|_| |_\__, | / / / /
 =========|_|==============|___/=/_/_/_/

 :: Spring Boot ::                (v3.5.6)

2025-09-20T12:29:40.564+01:00  INFO 5812 --- [url-shortener] [           main] c.e.u.UrlShortenerApplicationTests       : Starting UrlShortenerApplicationTests using Java 17.0.9 with PID 5812 (started by prave in C:\Users\prave\Documents\workspace-spring-tool-suite-4-4.21.0.RELEASE\url-shortener)
2025-09-20T12:29:40.566+01:00  INFO 5812 --- [url-shortener] [           main] c.e.u.UrlShortenerApplicationTests       : No active profile set, falling back to 1 default profile: "default"
2025-09-20T12:29:42.091+01:00  WARN 5812 --- [url-shortener] [           main] .s.s.UserDetailsServiceAutoConfiguration : 

Using generated security password: f317e764-8e63-4dd5-98d4-bfe04dc67d1a

This generated password is for development use only. Your security configuration must be updated before running your application in production.

2025-09-20T12:29:42.114+01:00  INFO 5812 --- [url-shortener] [           main] r$InitializeUserDetailsManagerConfigurer : Global AuthenticationManager configured with UserDetailsService bean with name inMemoryUserDetailsManager
2025-09-20T12:29:42.388+01:00  INFO 5812 --- [url-shortener] [           main] c.e.u.UrlShortenerApplicationTests       : Started UrlShortenerApplicationTests in 2.153 seconds (process running for 3.182)
]]></system-out>
  </testcase>
</testsuite>